<?xml version="1.0" encoding="UTF-8"?>
<!-- Generated by org.testng.reporters.JUnitReportReporter -->
<testsuite hostname="DESKTOP-6S7AN3M" failures="0" tests="1" name="activities.Activity7" time="0.662" errors="0" timestamp="2023-09-22T19:32:51 IST" skipped="0">
  <testcase classname="activities.Activity7" name="test_login" time="0.662"/>
  <system-out/>
</testsuite> <!-- activities.Activity7 -->
