<?xml version="1.0" encoding="UTF-8"?>
<!-- Generated by org.testng.reporters.JUnitReportReporter -->
<testsuite hostname="DESKTOP-6S7AN3M" failures="0" tests="2" name="activities.Activity4" time="0.004" errors="0" timestamp="2023-09-22T19:51:18 IST" skipped="0">
  <testcase classname="activities.Activity4" name="secondTestCase" time="0.002"/>
  <system-out/>
  <testcase classname="activities.Activity4" name="firstTestCase" time="0.002"/>
  <system-out/>
</testsuite> <!-- activities.Activity4 -->
