<?xml version="1.0" encoding="UTF-8"?>
<!-- Generated by org.testng.reporters.JUnitReportReporter -->
<testsuite hostname="DESKTOP-6S7AN3M" failures="0" tests="1" name="activities.Activity6" time="0.462" errors="0" timestamp="2023-09-22T19:51:18 IST" skipped="0">
  <testcase classname="activities.Activity6" name="test_login" time="0.462"/>
  <system-out/>
</testsuite> <!-- activities.Activity6 -->
