<?xml version="1.0" encoding="UTF-8"?>
<!-- Generated by org.testng.reporters.JUnitReportReporter -->
<testsuite hostname="DESKTOP-6S7AN3M" failures="0" tests="3" name="activities.Activity10" time="5.237" errors="0" timestamp="2023-09-23T14:27:49 IST" skipped="0">
  <testcase classname="activities.Activity10" name="registrationTest" time="1.970"/>
  <system-out>
    <![CDATA[Alert Message: Thank You for reaching out to us, Satvik Shah]]>
  </system-out>
  <testcase classname="activities.Activity10" name="registrationTest" time="1.913"/>
  <system-out>
    <![CDATA[Alert Message: Thank You for reaching out to us, Avinash Kati]]>
  </system-out>
  <testcase classname="activities.Activity10" name="registrationTest" time="1.354"/>
  <system-out>
    <![CDATA[Alert Message: Thank You for reaching out to us, Lahri Rath]]>
  </system-out>
</testsuite> <!-- activities.Activity10 -->
