<?xml version="1.0" encoding="UTF-8"?>
<!-- Generated by org.testng.reporters.JUnitReportReporter -->
<testsuite hostname="DESKTOP-6S7AN3M" failures="0" tests="3" name="activities.Activity9" time="0.764" errors="0" timestamp="2023-09-22T23:37:36 IST" skipped="0">
  <testcase classname="activities.Activity9" name="simpleAlertTestCase" time="0.162"/>
  <system-out>
    <![CDATA[promptAlertTestCase() started |
The simple alert button is clicked
Focus shifted to alert
The text in simple alert is: This is a JavaScript Alert!
The alert is accepted
Test case ended |]]>
  </system-out>
  <testcase classname="activities.Activity9" name="promptAlertTestCase" time="0.215"/>
  <system-out>
    <![CDATA[promptAlertTestCase() started |
The prompt alert button is clicked
Focus shifted to alert
The text in prompt alert is: This is a JavaScript Prompt!
The alert is accepted
Test case ended |]]>
  </system-out>
  <testcase classname="activities.Activity9" name="confirmAlertTestCase" time="0.387"/>
  <system-out>
    <![CDATA[promptAlertTestCase() started |
The confirm alert button is clicked
Focus shifted to alert
The text in confirm alert is: This is a JavaScript Confirmation!
The alert is accepted
Test case ended |]]>
  </system-out>
</testsuite> <!-- activities.Activity9 -->
