<?xml version="1.0" encoding="UTF-8"?>
<!-- Generated by org.testng.reporters.JUnitReportReporter -->
<testsuite hostname="DESKTOP-6S7AN3M" failures="0" tests="5" name="activities.Activity5" time="0.169" errors="0" timestamp="2023-09-22T19:51:18 IST" skipped="0">
  <testcase classname="activities.Activity5" name="ButtonTest2" time="0.026"/>
  <system-out/>
  <testcase classname="activities.Activity5" name="ButtonTest1" time="0.089"/>
  <system-out/>
  <testcase classname="activities.Activity5" name="pageTitleTest" time="0.008"/>
  <system-out/>
  <testcase classname="activities.Activity5" name="HeaderTest2" time="0.021"/>
  <system-out/>
  <testcase classname="activities.Activity5" name="HeaderTest1" time="0.025"/>
  <system-out/>
</testsuite> <!-- activities.Activity5 -->
